# JRE version: OpenJDK Runtime Environment (17.0.6) (build 17.0.6+0-b2043.56-9586694)
# Java VM: OpenJDK 64-Bit Server VM (17.0.6+0-b2043.56-9586694, mixed mode, tiered, compressed oops, compressed class ptrs, g1 gc, windows-amd64)
GC Precious Log:
 CPUs: 12 total, 12 available
 Memory: 16303M
 Large Page Support: Disabled
 NUMA Support: Disabled
 Compressed Oops: Enabled (32-bit)
 Heap Region Size: 1M
 Heap Min Capacity: 8M
 Heap Initial Capacity: 256M
 Heap Max Capacity: 2G
 Pre-touch: Disabled
 Parallel Workers: 10
 Concurrent Workers: 3
 Concurrent Refinement Workers: 10
 Periodic GC: Disabled
Heap:
 garbage-first heap   total 288768K, used 130068K [0x0000000080000000, 0x0000000100000000)
  region size 1024K, 7 young (7168K), 7 survivors (7168K)
 Metaspace       used 108392K, committed 109312K, reserved 1146880K
  class space    used 14442K, committed 14912K, reserved 1048576K
GC Heap History (20 events):
Event: 103.775 GC heap after
{Heap after GC invocations=65 (full 0):
 garbage-first heap   total 258048K, used 130646K [0x0000000080000000, 0x0000000100000000)
  region size 1024K, 2 young (2048K), 2 survivors (2048K)
 Metaspace       used 107117K, committed 107968K, reserved 1146880K
  class space    used 14375K, committed 14784K, reserved 1048576K
}
Event: 104.088 GC heap before
{Heap before GC invocations=65 (full 0):
 garbage-first heap   total 258048K, used 200278K [0x0000000080000000, 0x0000000100000000)
  region size 1024K, 42 young (43008K), 2 survivors (2048K)
 Metaspace       used 107209K, committed 108096K, reserved 1146880K
  class space    used 14377K, committed 14784K, reserved 1048576K
}
Event: 104.091 GC heap after
{Heap after GC invocations=66 (full 0):
 garbage-first heap   total 258048K, used 162718K [0x0000000080000000, 0x0000000100000000)
  region size 1024K, 4 young (4096K), 4 survivors (4096K)
 Metaspace       used 107209K, committed 108096K, reserved 1146880K
  class space    used 14377K, committed 14784K, reserved 1048576K
}
Event: 172.593 GC heap before
{Heap before GC invocations=67 (full 0):
 garbage-first heap   total 288768K, used 222110K [0x0000000080000000, 0x0000000100000000)
  region size 1024K, 55 young (56320K), 4 survivors (4096K)
 Metaspace       used 107576K, committed 108480K, reserved 1146880K
  class space    used 14409K, committed 14848K, reserved 1048576K
}
Event: 172.600 GC heap after
{Heap after GC invocations=68 (full 0):
 garbage-first heap   total 288768K, used 136442K [0x0000000080000000, 0x0000000100000000)
  region size 1024K, 7 young (7168K), 7 survivors (7168K)
 Metaspace       used 107576K, committed 108480K, reserved 1146880K
  class space    used 14409K, committed 14848K, reserved 1048576K
}
Event: 172.674 GC heap before
{Heap before GC invocations=68 (full 0):
 garbage-first heap   total 288768K, used 143610K [0x0000000080000000, 0x0000000100000000)
  region size 1024K, 14 young (14336K), 7 survivors (7168K)
 Metaspace       used 107593K, committed 108480K, reserved 1146880K
  class space    used 14410K, committed 14848K, reserved 1048576K
}
Event: 172.683 GC heap after
{Heap after GC invocations=69 (full 0):
 garbage-first heap   total 288768K, used 129308K [0x0000000080000000, 0x0000000100000000)
  region size 1024K, 2 young (2048K), 2 survivors (2048K)
 Metaspace       used 107593K, committed 108480K, reserved 1146880K
  class space    used 14410K, committed 14848K, reserved 1048576K
}
Event: 172.808 GC heap before
{Heap before GC invocations=69 (full 0):
 garbage-first heap   total 288768K, used 141596K [0x0000000080000000, 0x0000000100000000)
  region size 1024K, 15 young (15360K), 2 survivors (2048K)
 Metaspace       used 107613K, committed 108480K, reserved 1146880K
  class space    used 14411K, committed 14848K, reserved 1048576K
}
Event: 172.812 GC heap after
{Heap after GC invocations=70 (full 0):
 garbage-first heap   total 288768K, used 129728K [0x0000000080000000, 0x0000000100000000)
  region size 1024K, 3 young (3072K), 3 survivors (3072K)
 Metaspace       used 107613K, committed 108480K, reserved 1146880K
  class space    used 14411K, committed 14848K, reserved 1048576K
}
Event: 175.265 GC heap before
{Heap before GC invocations=71 (full 0):
 garbage-first heap   total 288768K, used 241344K [0x0000000080000000, 0x0000000100000000)
  region size 1024K, 95 young (97280K), 3 survivors (3072K)
 Metaspace       used 107816K, committed 108736K, reserved 1146880K
  class space    used 14426K, committed 14848K, reserved 1048576K
}
Event: 175.271 GC heap after
{Heap after GC invocations=72 (full 0):
 garbage-first heap   total 288768K, used 136012K [0x0000000080000000, 0x0000000100000000)
  region size 1024K, 10 young (10240K), 10 survivors (10240K)
 Metaspace       used 107816K, committed 108736K, reserved 1146880K
  class space    used 14426K, committed 14848K, reserved 1048576K
}
Event: 175.292 GC heap before
{Heap before GC invocations=72 (full 0):
 garbage-first heap   total 288768K, used 139084K [0x0000000080000000, 0x0000000100000000)
  region size 1024K, 14 young (14336K), 10 survivors (10240K)
 Metaspace       used 107816K, committed 108736K, reserved 1146880K
  class space    used 14426K, committed 14848K, reserved 1048576K
}
Event: 175.301 GC heap after
{Heap after GC invocations=73 (full 0):
 garbage-first heap   total 288768K, used 125033K [0x0000000080000000, 0x0000000100000000)
  region size 1024K, 2 young (2048K), 2 survivors (2048K)
 Metaspace       used 107816K, committed 108736K, reserved 1146880K
  class space    used 14426K, committed 14848K, reserved 1048576K
}
Event: 175.542 GC heap before
{Heap before GC invocations=73 (full 0):
 garbage-first heap   total 288768K, used 149609K [0x0000000080000000, 0x0000000100000000)
  region size 1024K, 27 young (27648K), 2 survivors (2048K)
 Metaspace       used 107887K, committed 108800K, reserved 1146880K
  class space    used 14428K, committed 14848K, reserved 1048576K
}
Event: 175.545 GC heap after
{Heap after GC invocations=74 (full 0):
 garbage-first heap   total 288768K, used 125347K [0x0000000080000000, 0x0000000100000000)
  region size 1024K, 2 young (2048K), 2 survivors (2048K)
 Metaspace       used 107887K, committed 108800K, reserved 1146880K
  class space    used 14428K, committed 14848K, reserved 1048576K
}
Event: 261.412 GC heap before
{Heap before GC invocations=75 (full 0):
 garbage-first heap   total 288768K, used 268707K [0x0000000080000000, 0x0000000100000000)
  region size 1024K, 106 young (108544K), 2 survivors (2048K)
 Metaspace       used 108208K, committed 109120K, reserved 1146880K
  class space    used 14430K, committed 14848K, reserved 1048576K
}
Event: 261.415 GC heap after
{Heap after GC invocations=76 (full 0):
 garbage-first heap   total 288768K, used 127193K [0x0000000080000000, 0x0000000100000000)
  region size 1024K, 4 young (4096K), 4 survivors (4096K)
 Metaspace       used 108208K, committed 109120K, reserved 1146880K
  class space    used 14430K, committed 14848K, reserved 1048576K
}
Event: 261.469 GC heap before
{Heap before GC invocations=76 (full 0):
 garbage-first heap   total 288768K, used 136409K [0x0000000080000000, 0x0000000100000000)
  region size 1024K, 14 young (14336K), 4 survivors (4096K)
 Metaspace       used 108212K, committed 109120K, reserved 1146880K
  class space    used 14430K, committed 14848K, reserved 1048576K
}
Event: 261.474 GC heap after
{Heap after GC invocations=77 (full 0):
 garbage-first heap   total 288768K, used 123964K [0x0000000080000000, 0x0000000100000000)
  region size 1024K, 1 young (1024K), 1 survivors (1024K)
 Metaspace       used 108212K, committed 109120K, reserved 1146880K
  class space    used 14430K, committed 14848K, reserved 1048576K
}
Event: 261.735 GC heap before
{Heap before GC invocations=77 (full 0):
 garbage-first heap   total 288768K, used 161852K [0x0000000080000000, 0x0000000100000000)
  region size 1024K, 39 young (39936K), 1 survivors (1024K)
 Metaspace       used 108392K, committed 109312K, reserved 1146880K
  class space    used 14442K, committed 14912K, reserved 1048576K
}

