# JRE version: OpenJDK Runtime Environment (17.0.6) (build 17.0.6+0-b2043.56-9586694)
# Java VM: OpenJDK 64-Bit Server VM (17.0.6+0-b2043.56-9586694, mixed mode, tiered, compressed oops, compressed class ptrs, g1 gc, windows-amd64)
GC Precious Log:
 CPUs: 12 total, 12 available
 Memory: 16303M
 Large Page Support: Disabled
 NUMA Support: Disabled
 Compressed Oops: Enabled (Zero based)
 Heap Region Size: 2M
 Heap Min Capacity: 8M
 Heap Initial Capacity: 256M
 Heap Max Capacity: 4076M
 Pre-touch: Disabled
 Parallel Workers: 10
 Concurrent Workers: 3
 Concurrent Refinement Workers: 10
 Periodic GC: Disabled
Heap:
 garbage-first heap   total 194560K, used 146714K [0x0000000701400000, 0x0000000800000000)
  region size 2048K, 37 young (75776K), 4 survivors (8192K)
 Metaspace       used 79600K, committed 80064K, reserved 1122304K
  class space    used 8778K, committed 9024K, reserved 1048576K
GC Heap History (20 events):
Event: 6.866 GC heap before
{Heap before GC invocations=10 (full 0):
 garbage-first heap   total 96256K, used 31817K [0x0000000701400000, 0x0000000800000000)
  region size 2048K, 5 young (10240K), 4 survivors (8192K)
 Metaspace       used 47790K, committed 48064K, reserved 1097728K
  class space    used 5742K, committed 5888K, reserved 1048576K
}
Event: 6.884 GC heap after
{Heap after GC invocations=11 (full 0):
 garbage-first heap   total 96256K, used 30244K [0x0000000701400000, 0x0000000800000000)
  region size 2048K, 1 young (2048K), 1 survivors (2048K)
 Metaspace       used 47790K, committed 48064K, reserved 1097728K
  class space    used 5742K, committed 5888K, reserved 1048576K
}
Event: 7.830 GC heap before
{Heap before GC invocations=11 (full 0):
 garbage-first heap   total 96256K, used 71204K [0x0000000701400000, 0x0000000800000000)
  region size 2048K, 20 young (40960K), 1 survivors (2048K)
 Metaspace       used 50370K, committed 50624K, reserved 1097728K
  class space    used 6031K, committed 6144K, reserved 1048576K
}
Event: 7.843 GC heap after
{Heap after GC invocations=12 (full 0):
 garbage-first heap   total 96256K, used 35220K [0x0000000701400000, 0x0000000800000000)
  region size 2048K, 2 young (4096K), 2 survivors (4096K)
 Metaspace       used 50370K, committed 50624K, reserved 1097728K
  class space    used 6031K, committed 6144K, reserved 1048576K
}
Event: 9.655 GC heap before
{Heap before GC invocations=12 (full 0):
 garbage-first heap   total 96256K, used 70036K [0x0000000701400000, 0x0000000800000000)
  region size 2048K, 19 young (38912K), 2 survivors (4096K)
 Metaspace       used 54511K, committed 54784K, reserved 1097728K
  class space    used 6464K, committed 6592K, reserved 1048576K
}
Event: 9.676 GC heap after
{Heap after GC invocations=13 (full 0):
 garbage-first heap   total 96256K, used 40432K [0x0000000701400000, 0x0000000800000000)
  region size 2048K, 3 young (6144K), 3 survivors (6144K)
 Metaspace       used 54511K, committed 54784K, reserved 1097728K
  class space    used 6464K, committed 6592K, reserved 1048576K
}
Event: 10.544 GC heap before
{Heap before GC invocations=13 (full 0):
 garbage-first heap   total 96256K, used 71152K [0x0000000701400000, 0x0000000800000000)
  region size 2048K, 18 young (36864K), 3 survivors (6144K)
 Metaspace       used 55877K, committed 56128K, reserved 1105920K
  class space    used 6537K, committed 6656K, reserved 1048576K
}
Event: 10.564 GC heap after
{Heap after GC invocations=14 (full 0):
 garbage-first heap   total 161792K, used 46543K [0x0000000701400000, 0x0000000800000000)
  region size 2048K, 3 young (6144K), 3 survivors (6144K)
 Metaspace       used 55877K, committed 56128K, reserved 1105920K
  class space    used 6537K, committed 6656K, reserved 1048576K
}
Event: 11.857 GC heap before
{Heap before GC invocations=14 (full 0):
 garbage-first heap   total 161792K, used 110031K [0x0000000701400000, 0x0000000800000000)
  region size 2048K, 34 young (69632K), 3 survivors (6144K)
 Metaspace       used 58675K, committed 59008K, reserved 1105920K
  class space    used 6869K, committed 7040K, reserved 1048576K
}
Event: 11.878 GC heap after
{Heap after GC invocations=15 (full 0):
 garbage-first heap   total 161792K, used 56303K [0x0000000701400000, 0x0000000800000000)
  region size 2048K, 5 young (10240K), 5 survivors (10240K)
 Metaspace       used 58675K, committed 59008K, reserved 1105920K
  class space    used 6869K, committed 7040K, reserved 1048576K
}
Event: 12.617 GC heap before
{Heap before GC invocations=15 (full 0):
 garbage-first heap   total 161792K, used 74735K [0x0000000701400000, 0x0000000800000000)
  region size 2048K, 15 young (30720K), 5 survivors (10240K)
 Metaspace       used 60177K, committed 60480K, reserved 1105920K
  class space    used 6994K, committed 7168K, reserved 1048576K
}
Event: 12.632 GC heap after
{Heap after GC invocations=16 (full 0):
 garbage-first heap   total 161792K, used 59393K [0x0000000701400000, 0x0000000800000000)
  region size 2048K, 2 young (4096K), 2 survivors (4096K)
 Metaspace       used 60177K, committed 60480K, reserved 1105920K
  class space    used 6994K, committed 7168K, reserved 1048576K
}
Event: 14.502 GC heap before
{Heap before GC invocations=17 (full 0):
 garbage-first heap   total 161792K, used 114689K [0x0000000701400000, 0x0000000800000000)
  region size 2048K, 29 young (59392K), 2 survivors (4096K)
 Metaspace       used 62892K, committed 63232K, reserved 1105920K
  class space    used 7152K, committed 7296K, reserved 1048576K
}
Event: 14.518 GC heap after
{Heap after GC invocations=18 (full 0):
 garbage-first heap   total 161792K, used 64030K [0x0000000701400000, 0x0000000800000000)
  region size 2048K, 4 young (8192K), 4 survivors (8192K)
 Metaspace       used 62892K, committed 63232K, reserved 1105920K
  class space    used 7152K, committed 7296K, reserved 1048576K
}
Event: 15.801 GC heap before
{Heap before GC invocations=18 (full 0):
 garbage-first heap   total 161792K, used 121374K [0x0000000701400000, 0x0000000800000000)
  region size 2048K, 31 young (63488K), 4 survivors (8192K)
 Metaspace       used 63962K, committed 64256K, reserved 1105920K
  class space    used 7178K, committed 7296K, reserved 1048576K
}
Event: 15.819 GC heap after
{Heap after GC invocations=19 (full 0):
 garbage-first heap   total 161792K, used 71670K [0x0000000701400000, 0x0000000800000000)
  region size 2048K, 3 young (6144K), 3 survivors (6144K)
 Metaspace       used 63962K, committed 64256K, reserved 1105920K
  class space    used 7178K, committed 7296K, reserved 1048576K
}
Event: 16.953 GC heap before
{Heap before GC invocations=19 (full 0):
 garbage-first heap   total 161792K, used 120822K [0x0000000701400000, 0x0000000800000000)
  region size 2048K, 28 young (57344K), 3 survivors (6144K)
 Metaspace       used 65779K, committed 66240K, reserved 1114112K
  class space    used 7378K, committed 7616K, reserved 1048576K
}
Event: 16.967 GC heap after
{Heap after GC invocations=20 (full 0):
 garbage-first heap   total 161792K, used 75610K [0x0000000701400000, 0x0000000800000000)
  region size 2048K, 2 young (4096K), 2 survivors (4096K)
 Metaspace       used 65779K, committed 66240K, reserved 1114112K
  class space    used 7378K, committed 7616K, reserved 1048576K
}
Event: 18.400 GC heap before
{Heap before GC invocations=20 (full 0):
 garbage-first heap   total 161792K, used 126810K [0x0000000701400000, 0x0000000800000000)
  region size 2048K, 27 young (55296K), 2 survivors (4096K)
 Metaspace       used 71674K, committed 72128K, reserved 1114112K
  class space    used 7955K, committed 8192K, reserved 1048576K
}
Event: 18.415 GC heap after
{Heap after GC invocations=21 (full 0):
 garbage-first heap   total 194560K, used 81178K [0x0000000701400000, 0x0000000800000000)
  region size 2048K, 4 young (8192K), 4 survivors (8192K)
 Metaspace       used 71674K, committed 72128K, reserved 1114112K
  class space    used 7955K, committed 8192K, reserved 1048576K
}

