# JRE version: OpenJDK Runtime Environment (17.0.6) (build 17.0.6+0-b2043.56-9586694)
# Java VM: OpenJDK 64-Bit Server VM (17.0.6+0-b2043.56-9586694, mixed mode, tiered, compressed oops, compressed class ptrs, g1 gc, windows-amd64)
GC Precious Log:
 CPUs: 12 total, 12 available
 Memory: 16303M
 Large Page Support: Disabled
 NUMA Support: Disabled
 Compressed Oops: Enabled (32-bit)
 Heap Region Size: 1M
 Heap Min Capacity: 8M
 Heap Initial Capacity: 256M
 Heap Max Capacity: 2G
 Pre-touch: Disabled
 Parallel Workers: 10
 Concurrent Workers: 3
 Concurrent Refinement Workers: 10
 Periodic GC: Disabled
Heap:
 garbage-first heap   total 276480K, used 124788K [0x0000000080000000, 0x0000000100000000)
  region size 1024K, 2 young (2048K), 2 survivors (2048K)
 Metaspace       used 106696K, committed 107456K, reserved 1146880K
  class space    used 14352K, committed 14720K, reserved 1048576K
GC Heap History (20 events):
Event: 12.468 GC heap after
{Heap after GC invocations=41 (full 0):
 garbage-first heap   total 276480K, used 102109K [0x0000000080000000, 0x0000000100000000)
  region size 1024K, 3 young (3072K), 3 survivors (3072K)
 Metaspace       used 96561K, committed 97280K, reserved 1138688K
  class space    used 13311K, committed 13632K, reserved 1048576K
}
Event: 13.584 GC heap before
{Heap before GC invocations=41 (full 0):
 garbage-first heap   total 276480K, used 224989K [0x0000000080000000, 0x0000000100000000)
  region size 1024K, 107 young (109568K), 3 survivors (3072K)
 Metaspace       used 100862K, committed 101504K, reserved 1138688K
  class space    used 13761K, committed 14080K, reserved 1048576K
}
Event: 13.596 GC heap after
{Heap after GC invocations=42 (full 0):
 garbage-first heap   total 276480K, used 117996K [0x0000000080000000, 0x0000000100000000)
  region size 1024K, 14 young (14336K), 14 survivors (14336K)
 Metaspace       used 100862K, committed 101504K, reserved 1138688K
  class space    used 13761K, committed 14080K, reserved 1048576K
}
Event: 14.158 GC heap before
{Heap before GC invocations=42 (full 0):
 garbage-first heap   total 276480K, used 212204K [0x0000000080000000, 0x0000000100000000)
  region size 1024K, 107 young (109568K), 14 survivors (14336K)
 Metaspace       used 101872K, committed 102592K, reserved 1138688K
  class space    used 13857K, committed 14208K, reserved 1048576K
}
Event: 14.173 GC heap after
{Heap after GC invocations=43 (full 0):
 garbage-first heap   total 276480K, used 126882K [0x0000000080000000, 0x0000000100000000)
  region size 1024K, 9 young (9216K), 9 survivors (9216K)
 Metaspace       used 101872K, committed 102592K, reserved 1138688K
  class space    used 13857K, committed 14208K, reserved 1048576K
}
Event: 16.773 GC heap before
{Heap before GC invocations=43 (full 0):
 garbage-first heap   total 276480K, used 219042K [0x0000000080000000, 0x0000000100000000)
  region size 1024K, 100 young (102400K), 9 survivors (9216K)
 Metaspace       used 104458K, committed 105152K, reserved 1146880K
  class space    used 14157K, committed 14528K, reserved 1048576K
}
Event: 16.782 GC heap after
{Heap after GC invocations=44 (full 0):
 garbage-first heap   total 276480K, used 133457K [0x0000000080000000, 0x0000000100000000)
  region size 1024K, 7 young (7168K), 7 survivors (7168K)
 Metaspace       used 104458K, committed 105152K, reserved 1146880K
  class space    used 14157K, committed 14528K, reserved 1048576K
}
Event: 16.879 GC heap before
{Heap before GC invocations=44 (full 0):
 garbage-first heap   total 276480K, used 158033K [0x0000000080000000, 0x0000000100000000)
  region size 1024K, 10 young (10240K), 7 survivors (7168K)
 Metaspace       used 104799K, committed 105600K, reserved 1146880K
  class space    used 14208K, committed 14592K, reserved 1048576K
}
Event: 16.884 GC heap after
{Heap after GC invocations=45 (full 0):
 garbage-first heap   total 276480K, used 155842K [0x0000000080000000, 0x0000000100000000)
  region size 1024K, 7 young (7168K), 7 survivors (7168K)
 Metaspace       used 104799K, committed 105600K, reserved 1146880K
  class space    used 14208K, committed 14592K, reserved 1048576K
}
Event: 112.075 GC heap before
{Heap before GC invocations=46 (full 0):
 garbage-first heap   total 276480K, used 234690K [0x0000000080000000, 0x0000000100000000)
  region size 1024K, 79 young (80896K), 7 survivors (7168K)
 Metaspace       used 106215K, committed 106944K, reserved 1146880K
  class space    used 14345K, committed 14720K, reserved 1048576K
}
Event: 112.084 GC heap after
{Heap after GC invocations=47 (full 0):
 garbage-first heap   total 276480K, used 129334K [0x0000000080000000, 0x0000000100000000)
  region size 1024K, 9 young (9216K), 9 survivors (9216K)
 Metaspace       used 106215K, committed 106944K, reserved 1146880K
  class space    used 14345K, committed 14720K, reserved 1048576K
}
Event: 112.114 GC heap before
{Heap before GC invocations=47 (full 0):
 garbage-first heap   total 276480K, used 132406K [0x0000000080000000, 0x0000000100000000)
  region size 1024K, 13 young (13312K), 9 survivors (9216K)
 Metaspace       used 106233K, committed 107008K, reserved 1146880K
  class space    used 14345K, committed 14720K, reserved 1048576K
}
Event: 112.120 GC heap after
{Heap after GC invocations=48 (full 0):
 garbage-first heap   total 276480K, used 127251K [0x0000000080000000, 0x0000000100000000)
  region size 1024K, 2 young (2048K), 2 survivors (2048K)
 Metaspace       used 106233K, committed 107008K, reserved 1146880K
  class space    used 14345K, committed 14720K, reserved 1048576K
}
Event: 112.123 GC heap before
{Heap before GC invocations=48 (full 0):
 garbage-first heap   total 276480K, used 127251K [0x0000000080000000, 0x0000000100000000)
  region size 1024K, 3 young (3072K), 2 survivors (2048K)
 Metaspace       used 106250K, committed 107008K, reserved 1146880K
  class space    used 14347K, committed 14720K, reserved 1048576K
}
Event: 112.125 GC heap after
{Heap after GC invocations=49 (full 0):
 garbage-first heap   total 276480K, used 126277K [0x0000000080000000, 0x0000000100000000)
  region size 1024K, 1 young (1024K), 1 survivors (1024K)
 Metaspace       used 106250K, committed 107008K, reserved 1146880K
  class space    used 14347K, committed 14720K, reserved 1048576K
}
Event: 114.535 GC heap before
{Heap before GC invocations=50 (full 0):
 garbage-first heap   total 276480K, used 243013K [0x0000000080000000, 0x0000000100000000)
  region size 1024K, 97 young (99328K), 1 survivors (1024K)
 Metaspace       used 106577K, committed 107328K, reserved 1146880K
  class space    used 14350K, committed 14720K, reserved 1048576K
}
Event: 114.541 GC heap after
{Heap after GC invocations=51 (full 0):
 garbage-first heap   total 276480K, used 133737K [0x0000000080000000, 0x0000000100000000)
  region size 1024K, 8 young (8192K), 8 survivors (8192K)
 Metaspace       used 106577K, committed 107328K, reserved 1146880K
  class space    used 14350K, committed 14720K, reserved 1048576K
}
Event: 114.561 GC heap before
{Heap before GC invocations=51 (full 0):
 garbage-first heap   total 276480K, used 138857K [0x0000000080000000, 0x0000000100000000)
  region size 1024K, 13 young (13312K), 8 survivors (8192K)
 Metaspace       used 106597K, committed 107392K, reserved 1146880K
  class space    used 14350K, committed 14720K, reserved 1048576K
}
Event: 114.569 GC heap after
{Heap after GC invocations=52 (full 0):
 garbage-first heap   total 276480K, used 124092K [0x0000000080000000, 0x0000000100000000)
  region size 1024K, 1 young (1024K), 1 survivors (1024K)
 Metaspace       used 106597K, committed 107392K, reserved 1146880K
  class space    used 14350K, committed 14720K, reserved 1048576K
}
Event: 114.825 GC heap before
{Heap before GC invocations=52 (full 0):
 garbage-first heap   total 276480K, used 141500K [0x0000000080000000, 0x0000000100000000)
  region size 1024K, 20 young (20480K), 1 survivors (1024K)
 Metaspace       used 106696K, committed 107456K, reserved 1146880K
  class space    used 14352K, committed 14720K, reserved 1048576K
}

